c:\users\adams\onedrive\onedrivedocs\engine\engine\release\vc141.pdb
c:\users\adams\onedrive\onedrivedocs\engine\engine\release\user_interface.obj
c:\users\adams\onedrive\onedrivedocs\engine\engine\release\time.obj
c:\users\adams\onedrive\onedrivedocs\engine\engine\release\sound.obj
c:\users\adams\onedrive\onedrivedocs\engine\engine\release\simple_logger.obj
c:\users\adams\onedrive\onedrivedocs\engine\engine\release\manager.obj
c:\users\adams\onedrive\onedrivedocs\engine\engine\release\gf2d_vector.obj
c:\users\adams\onedrive\onedrivedocs\engine\engine\release\gf2d_sprite.obj
c:\users\adams\onedrive\onedrivedocs\engine\engine\release\gf2d_graphics.obj
c:\users\adams\onedrive\onedrivedocs\engine\engine\release\gf2d_draw.obj
c:\users\adams\onedrive\onedrivedocs\engine\engine\release\game.obj
c:\users\adams\onedrive\onedrivedocs\engine\engine\release\entity.obj
c:\users\adams\onedrive\onedrivedocs\engine\engine\release\collisions.obj
c:\users\adams\onedrive\onedrivedocs\engine\engine\release\buildings.obj
c:\users\adams\onedrive\onedrivedocs\engine\engine\release\physfs.obj
c:\users\adams\onedrive\onedrivedocs\engine\engine\release\physfs_unicode.obj
c:\users\adams\onedrive\onedrivedocs\engine\engine\release\physfs_platform_unix.obj
c:\users\adams\onedrive\onedrivedocs\engine\engine\release\physfs_platform_qnx.obj
c:\users\adams\onedrive\onedrivedocs\engine\engine\release\physfs_platform_posix.obj
c:\users\adams\onedrive\onedrivedocs\engine\engine\release\physfs_platform_os2.obj
c:\users\adams\onedrive\onedrivedocs\engine\engine\release\physfs_byteorder.obj
c:\users\adams\onedrive\onedrivedocs\engine\engine\release\physfs_archiver_wad.obj
c:\users\adams\onedrive\onedrivedocs\engine\engine\release\physfs_archiver_unpacked.obj
c:\users\adams\onedrive\onedrivedocs\engine\engine\release\physfs_archiver_slb.obj
c:\users\adams\onedrive\onedrivedocs\engine\engine\release\physfs_archiver_qpak.obj
c:\users\adams\onedrive\onedrivedocs\engine\engine\release\physfs_archiver_mvl.obj
c:\users\adams\onedrive\onedrivedocs\engine\engine\release\physfs_archiver_hog.obj
c:\users\adams\onedrive\onedrivedocs\engine\engine\release\physfs_archiver_grp.obj
c:\users\adams\onedrive\onedrivedocs\engine\engine\release\physfs_archiver_dir.obj
c:\users\adams\onedrive\onedrivedocs\engine\engine\release\physfs_archiver_7z.obj
c:\users\adams\onedrive\onedrivedocs\engine\engine\engine.ipdb
c:\users\adams\onedrive\onedrivedocs\engine\engine\engine.iobj
c:\users\adams\onedrive\onedrivedocs\engine\engine\engine.lib
c:\users\adams\onedrive\onedrivedocs\engine\engine\engine.exp
c:\users\adams\onedrive\onedrivedocs\engine\engine\\engine.pdb
c:\users\adams\onedrive\onedrivedocs\engine\engine\\engine.exe
c:\users\adams\onedrive\onedrivedocs\engine\engine\release\engine.tlog\cl.command.1.tlog
c:\users\adams\onedrive\onedrivedocs\engine\engine\release\engine.tlog\cl.read.1.tlog
c:\users\adams\onedrive\onedrivedocs\engine\engine\release\engine.tlog\cl.write.1.tlog
c:\users\adams\onedrive\onedrivedocs\engine\engine\release\engine.tlog\engine.write.1u.tlog
c:\users\adams\onedrive\onedrivedocs\engine\engine\release\engine.tlog\link.command.1.tlog
c:\users\adams\onedrive\onedrivedocs\engine\engine\release\engine.tlog\link.read.1.tlog
c:\users\adams\onedrive\onedrivedocs\engine\engine\release\engine.tlog\link.write.1.tlog
