c:\users\adams\onedrive\onedrivedocs\engine\engine\debug\vc141.pdb
c:\users\adams\onedrive\onedrivedocs\engine\engine\debug\vc141.idb
c:\users\adams\onedrive\onedrivedocs\engine\engine\debug\entity.obj
c:\users\adams\onedrive\onedrivedocs\engine\engine\debug\game.obj
c:\users\adams\onedrive\onedrivedocs\engine\engine\debug\gf2d_draw.obj
c:\users\adams\onedrive\onedrivedocs\engine\engine\debug\gf2d_graphics.obj
c:\users\adams\onedrive\onedrivedocs\engine\engine\debug\gf2d_sprite.obj
c:\users\adams\onedrive\onedrivedocs\engine\engine\debug\gf2d_vector.obj
c:\users\adams\onedrive\onedrivedocs\engine\engine\debug\simple_logger.obj
c:\users\adams\onedrive\onedrivedocs\engine\engine\debug\time.obj
c:\users\adams\onedrive\onedrivedocs\engine\engine\debug\collisions.obj
c:\users\adams\onedrive\onedrivedocs\engine\engine\debug\buildings.obj
c:\users\adams\onedrive\onedrivedocs\engine\engine\debug\manager.obj
c:\users\adams\onedrive\onedrivedocs\engine\engine\engine.ilk
c:\users\adams\onedrive\onedrivedocs\engine\engine\engine.exe
c:\users\adams\onedrive\onedrivedocs\engine\engine\engine.pdb
c:\users\adams\onedrive\onedrivedocs\engine\engine\debug\pathfinding.obj
c:\users\adams\onedrive\onedrivedocs\engine\engine\\engine.pdb
c:\users\adams\onedrive\onedrivedocs\engine\engine\\engine.exe
c:\users\adams\onedrive\onedrivedocs\engine\engine\\engine.ilk
c:\users\adams\onedrive\onedrivedocs\engine\engine\debug\engine.tlog\cl.command.1.tlog
c:\users\adams\onedrive\onedrivedocs\engine\engine\debug\engine.tlog\cl.read.1.tlog
c:\users\adams\onedrive\onedrivedocs\engine\engine\debug\engine.tlog\cl.write.1.tlog
c:\users\adams\onedrive\onedrivedocs\engine\engine\debug\engine.tlog\link.command.1.tlog
c:\users\adams\onedrive\onedrivedocs\engine\engine\debug\engine.tlog\link.read.1.tlog
c:\users\adams\onedrive\onedrivedocs\engine\engine\debug\engine.tlog\link.write.1.tlog
