c:\users\adams\onedrive\onedrivedocs\engine\engine\src\game.c:44: ---==== BEGIN ====---
c:\users\adams\onedrive\onedrivedocs\engine\engine\src\gf2d_graphics.c:133: graphics initialized
c:\users\adams\onedrive\onedrivedocs\engine\engine\src\gf2d_sprite.c:44: sprite system initialized
c:\users\adams\onedrive\onedrivedocs\engine\engine\src\sound.c:37: Music playing
c:\users\adams\onedrive\onedrivedocs\engine\engine\src\game.c:44: ---==== BEGIN ====---
c:\users\adams\onedrive\onedrivedocs\engine\engine\src\gf2d_graphics.c:133: graphics initialized
c:\users\adams\onedrive\onedrivedocs\engine\engine\src\gf2d_sprite.c:44: sprite system initialized
c:\users\adams\onedrive\onedrivedocs\engine\engine\src\game.c:44: ---==== BEGIN ====---
c:\users\adams\onedrive\onedrivedocs\engine\engine\src\gf2d_graphics.c:133: graphics initialized
c:\users\adams\onedrive\onedrivedocs\engine\engine\src\gf2d_sprite.c:44: sprite system initialized
c:\users\adams\onedrive\onedrivedocs\engine\engine\src\game.c:44: ---==== BEGIN ====---
c:\users\adams\onedrive\onedrivedocs\engine\engine\src\gf2d_graphics.c:133: graphics initialized
c:\users\adams\onedrive\onedrivedocs\engine\engine\src\gf2d_sprite.c:44: sprite system initialized
c:\users\adams\onedrive\onedrivedocs\engine\engine\src\game.c:44: ---==== BEGIN ====---
c:\users\adams\onedrive\onedrivedocs\engine\engine\src\gf2d_graphics.c:133: graphics initialized
c:\users\adams\onedrive\onedrivedocs\engine\engine\src\gf2d_sprite.c:44: sprite system initialized
c:\users\adams\onedrive\onedrivedocs\engine\engine\src\game.c:44: ---==== BEGIN ====---
c:\users\adams\onedrive\onedrivedocs\engine\engine\src\gf2d_graphics.c:133: graphics initialized
c:\users\adams\onedrive\onedrivedocs\engine\engine\src\gf2d_sprite.c:44: sprite system initialized
c:\users\adams\onedrive\onedrivedocs\engine\engine\src\game.c:44: ---==== BEGIN ====---
c:\users\adams\onedrive\onedrivedocs\engine\engine\src\gf2d_graphics.c:133: graphics initialized
c:\users\adams\onedrive\onedrivedocs\engine\engine\src\gf2d_sprite.c:44: sprite system initialized
c:\users\adams\onedrive\onedrivedocs\engine\engine\src\game.c:44: ---==== BEGIN ====---
c:\users\adams\onedrive\onedrivedocs\engine\engine\src\gf2d_graphics.c:133: graphics initialized
c:\users\adams\onedrive\onedrivedocs\engine\engine\src\gf2d_sprite.c:44: sprite system initialized
c:\users\adams\onedrive\onedrivedocs\engine\engine\src\game.c:44: ---==== BEGIN ====---
c:\users\adams\onedrive\onedrivedocs\engine\engine\src\gf2d_graphics.c:133: graphics initialized
c:\users\adams\onedrive\onedrivedocs\engine\engine\src\gf2d_sprite.c:44: sprite system initialized
c:\users\adams\onedrive\onedrivedocs\engine\engine\src\game.c:44: ---==== BEGIN ====---
c:\users\adams\onedrive\onedrivedocs\engine\engine\src\gf2d_graphics.c:133: graphics initialized
c:\users\adams\onedrive\onedrivedocs\engine\engine\src\gf2d_sprite.c:44: sprite system initialized
c:\users\adams\onedrive\onedrivedocs\engine\engine\src\game.c:50: ---==== BEGIN ====---
c:\users\adams\onedrive\onedrivedocs\engine\engine\src\gf2d_graphics.c:133: graphics initialized
c:\users\adams\onedrive\onedrivedocs\engine\engine\src\gf2d_sprite.c:44: sprite system initialized
c:\users\adams\onedrive\onedrivedocs\engine\engine\src\game.c:51: ---==== BEGIN ====---
c:\users\adams\onedrive\onedrivedocs\engine\engine\src\gf2d_graphics.c:133: graphics initialized
c:\users\adams\onedrive\onedrivedocs\engine\engine\src\gf2d_sprite.c:44: sprite system initialized
c:\users\adams\onedrive\onedrivedocs\engine\engine\src\game.c:51: ---==== BEGIN ====---
c:\users\adams\onedrive\onedrivedocs\engine\engine\src\gf2d_graphics.c:133: graphics initialized
c:\users\adams\onedrive\onedrivedocs\engine\engine\src\gf2d_sprite.c:44: sprite system initialized
c:\users\adams\onedrive\onedrivedocs\engine\engine\src\game.c:51: ---==== BEGIN ====---
c:\users\adams\onedrive\onedrivedocs\engine\engine\src\gf2d_graphics.c:133: graphics initialized
c:\users\adams\onedrive\onedrivedocs\engine\engine\src\gf2d_sprite.c:44: sprite system initialized
c:\users\adams\onedrive\onedrivedocs\engine\engine\src\game.c:51: ---==== BEGIN ====---
c:\users\adams\onedrive\onedrivedocs\engine\engine\src\gf2d_graphics.c:133: graphics initialized
c:\users\adams\onedrive\onedrivedocs\engine\engine\src\gf2d_sprite.c:44: sprite system initialized
c:\users\adams\onedrive\onedrivedocs\engine\engine\src\game.c:51: ---==== BEGIN ====---
c:\users\adams\onedrive\onedrivedocs\engine\engine\src\gf2d_graphics.c:133: graphics initialized
c:\users\adams\onedrive\onedrivedocs\engine\engine\src\gf2d_sprite.c:44: sprite system initialized
c:\users\adams\onedrive\onedrivedocs\engine\engine\src\game.c:51: ---==== BEGIN ====---
c:\users\adams\onedrive\onedrivedocs\engine\engine\src\gf2d_graphics.c:133: graphics initialized
c:\users\adams\onedrive\onedrivedocs\engine\engine\src\gf2d_sprite.c:44: sprite system initialized
c:\users\adams\onedrive\onedrivedocs\engine\engine\src\game.c:51: ---==== BEGIN ====---
c:\users\adams\onedrive\onedrivedocs\engine\engine\src\gf2d_graphics.c:133: graphics initialized
c:\users\adams\onedrive\onedrivedocs\engine\engine\src\gf2d_sprite.c:44: sprite system initialized
c:\users\adams\onedrive\onedrivedocs\engine\engine\src\game.c:51: ---==== BEGIN ====---
c:\users\adams\onedrive\onedrivedocs\engine\engine\src\gf2d_graphics.c:133: graphics initialized
c:\users\adams\onedrive\onedrivedocs\engine\engine\src\gf2d_sprite.c:44: sprite system initialized
c:\users\adams\onedrive\onedrivedocs\engine\engine\src\game.c:51: ---==== BEGIN ====---
c:\users\adams\onedrive\onedrivedocs\engine\engine\src\gf2d_graphics.c:133: graphics initialized
c:\users\adams\onedrive\onedrivedocs\engine\engine\src\gf2d_sprite.c:44: sprite system initialized
c:\users\adams\onedrive\onedrivedocs\engine\engine\src\game.c:51: ---==== BEGIN ====---
c:\users\adams\onedrive\onedrivedocs\engine\engine\src\gf2d_graphics.c:133: graphics initialized
c:\users\adams\onedrive\onedrivedocs\engine\engine\src\gf2d_sprite.c:44: sprite system initialized
c:\users\adams\onedrive\onedrivedocs\engine\engine\src\game.c:51: ---==== BEGIN ====---
c:\users\adams\onedrive\onedrivedocs\engine\engine\src\gf2d_graphics.c:133: graphics initialized
c:\users\adams\onedrive\onedrivedocs\engine\engine\src\gf2d_sprite.c:44: sprite system initialized
c:\users\adams\onedrive\onedrivedocs\engine\engine\src\game.c:51: ---==== BEGIN ====---
c:\users\adams\onedrive\onedrivedocs\engine\engine\src\gf2d_graphics.c:133: graphics initialized
c:\users\adams\onedrive\onedrivedocs\engine\engine\src\gf2d_sprite.c:44: sprite system initialized
c:\users\adams\onedrive\onedrivedocs\engine\engine\src\game.c:51: ---==== BEGIN ====---
c:\users\adams\onedrive\onedrivedocs\engine\engine\src\gf2d_graphics.c:133: graphics initialized
c:\users\adams\onedrive\onedrivedocs\engine\engine\src\gf2d_sprite.c:44: sprite system initialized
c:\users\adams\onedrive\onedrivedocs\engine\engine\src\game.c:51: ---==== BEGIN ====---
c:\users\adams\onedrive\onedrivedocs\engine\engine\src\gf2d_graphics.c:133: graphics initialized
c:\users\adams\onedrive\onedrivedocs\engine\engine\src\gf2d_sprite.c:44: sprite system initialized
c:\users\adams\onedrive\onedrivedocs\engine\engine\src\game.c:51: ---==== BEGIN ====---
c:\users\adams\onedrive\onedrivedocs\engine\engine\src\gf2d_graphics.c:133: graphics initialized
c:\users\adams\onedrive\onedrivedocs\engine\engine\src\gf2d_sprite.c:44: sprite system initialized
c:\users\adams\onedrive\onedrivedocs\engine\engine\src\game.c:51: ---==== BEGIN ====---
c:\users\adams\onedrive\onedrivedocs\engine\engine\src\gf2d_graphics.c:133: graphics initialized
c:\users\adams\onedrive\onedrivedocs\engine\engine\src\gf2d_sprite.c:44: sprite system initialized
c:\users\adams\onedrive\onedrivedocs\engine\engine\src\game.c:51: ---==== BEGIN ====---
c:\users\adams\onedrive\onedrivedocs\engine\engine\src\gf2d_graphics.c:133: graphics initialized
c:\users\adams\onedrive\onedrivedocs\engine\engine\src\gf2d_sprite.c:44: sprite system initialized
c:\users\adams\onedrive\onedrivedocs\engine\engine\src\game.c:51: ---==== BEGIN ====---
c:\users\adams\onedrive\onedrivedocs\engine\engine\src\gf2d_graphics.c:133: graphics initialized
c:\users\adams\onedrive\onedrivedocs\engine\engine\src\gf2d_sprite.c:44: sprite system initialized
c:\users\adams\onedrive\onedrivedocs\engine\engine\src\game.c:51: ---==== BEGIN ====---
c:\users\adams\onedrive\onedrivedocs\engine\engine\src\gf2d_graphics.c:133: graphics initialized
c:\users\adams\onedrive\onedrivedocs\engine\engine\src\gf2d_sprite.c:44: sprite system initialized
c:\users\adams\onedrive\onedrivedocs\engine\engine\src\game.c:51: ---==== BEGIN ====---
c:\users\adams\onedrive\onedrivedocs\engine\engine\src\gf2d_graphics.c:133: graphics initialized
c:\users\adams\onedrive\onedrivedocs\engine\engine\src\gf2d_sprite.c:44: sprite system initialized
c:\users\adams\onedrive\onedrivedocs\engine\engine\src\game.c:51: ---==== BEGIN ====---
c:\users\adams\onedrive\onedrivedocs\engine\engine\src\gf2d_graphics.c:133: graphics initialized
c:\users\adams\onedrive\onedrivedocs\engine\engine\src\gf2d_sprite.c:44: sprite system initialized
c:\users\adams\onedrive\onedrivedocs\engine\engine\src\game.c:51: ---==== BEGIN ====---
c:\users\adams\onedrive\onedrivedocs\engine\engine\src\gf2d_graphics.c:133: graphics initialized
c:\users\adams\onedrive\onedrivedocs\engine\engine\src\gf2d_sprite.c:44: sprite system initialized
c:\users\adams\onedrive\onedrivedocs\engine\engine\src\game.c:51: ---==== BEGIN ====---
c:\users\adams\onedrive\onedrivedocs\engine\engine\src\gf2d_graphics.c:133: graphics initialized
c:\users\adams\onedrive\onedrivedocs\engine\engine\src\gf2d_sprite.c:44: sprite system initialized
c:\users\adams\onedrive\onedrivedocs\engine\engine\src\game.c:51: ---==== BEGIN ====---
c:\users\adams\onedrive\onedrivedocs\engine\engine\src\gf2d_graphics.c:133: graphics initialized
c:\users\adams\onedrive\onedrivedocs\engine\engine\src\gf2d_sprite.c:44: sprite system initialized
c:\users\adams\onedrive\onedrivedocs\engine\engine\src\game.c:51: ---==== BEGIN ====---
c:\users\adams\onedrive\onedrivedocs\engine\engine\src\gf2d_graphics.c:133: graphics initialized
c:\users\adams\onedrive\onedrivedocs\engine\engine\src\gf2d_sprite.c:44: sprite system initialized
c:\users\adams\onedrive\onedrivedocs\engine\engine\src\game.c:51: ---==== BEGIN ====---
c:\users\adams\onedrive\onedrivedocs\engine\engine\src\gf2d_graphics.c:133: graphics initialized
c:\users\adams\onedrive\onedrivedocs\engine\engine\src\gf2d_sprite.c:44: sprite system initialized
c:\users\adams\onedrive\onedrivedocs\engine\engine\src\game.c:51: ---==== BEGIN ====---
c:\users\adams\onedrive\onedrivedocs\engine\engine\src\gf2d_graphics.c:133: graphics initialized
c:\users\adams\onedrive\onedrivedocs\engine\engine\src\gf2d_sprite.c:44: sprite system initialized
c:\users\adams\onedrive\onedrivedocs\engine\engine\src\game.c:51: ---==== BEGIN ====---
c:\users\adams\onedrive\onedrivedocs\engine\engine\src\gf2d_graphics.c:133: graphics initialized
c:\users\adams\onedrive\onedrivedocs\engine\engine\src\gf2d_sprite.c:44: sprite system initialized
c:\users\adams\onedrive\onedrivedocs\engine\engine\src\game.c:51: ---==== BEGIN ====---
c:\users\adams\onedrive\onedrivedocs\engine\engine\src\gf2d_graphics.c:133: graphics initialized
c:\users\adams\onedrive\onedrivedocs\engine\engine\src\gf2d_sprite.c:44: sprite system initialized
c:\users\adams\onedrive\onedrivedocs\engine\engine\src\game.c:51: ---==== BEGIN ====---
c:\users\adams\onedrive\onedrivedocs\engine\engine\src\gf2d_graphics.c:133: graphics initialized
c:\users\adams\onedrive\onedrivedocs\engine\engine\src\gf2d_sprite.c:44: sprite system initialized
c:\users\adams\onedrive\onedrivedocs\engine\engine\src\game.c:144: ---==== END ====---
c:\users\adams\onedrive\onedrivedocs\engine\engine\src\gf2d_sprite.c:27: sprite system closed
c:\users\adams\onedrive\onedrivedocs\engine\engine\src\gf2d_graphics.c:164: graphics closed
c:\users\adams\onedrive\onedrivedocs\engine\engine\src\game.c:51: ---==== BEGIN ====---
c:\users\adams\onedrive\onedrivedocs\engine\engine\src\gf2d_graphics.c:133: graphics initialized
c:\users\adams\onedrive\onedrivedocs\engine\engine\src\gf2d_sprite.c:44: sprite system initialized
c:\users\adams\onedrive\onedrivedocs\engine\engine\src\game.c:51: ---==== BEGIN ====---
c:\users\adams\onedrive\onedrivedocs\engine\engine\src\gf2d_graphics.c:133: graphics initialized
c:\users\adams\onedrive\onedrivedocs\engine\engine\src\gf2d_sprite.c:44: sprite system initialized
c:\users\adams\onedrive\onedrivedocs\engine\engine\src\game.c:51: ---==== BEGIN ====---
c:\users\adams\onedrive\onedrivedocs\engine\engine\src\gf2d_graphics.c:133: graphics initialized
c:\users\adams\onedrive\onedrivedocs\engine\engine\src\gf2d_sprite.c:44: sprite system initialized
c:\users\adams\onedrive\onedrivedocs\engine\engine\src\game.c:51: ---==== BEGIN ====---
c:\users\adams\onedrive\onedrivedocs\engine\engine\src\gf2d_graphics.c:133: graphics initialized
c:\users\adams\onedrive\onedrivedocs\engine\engine\src\gf2d_sprite.c:44: sprite system initialized
c:\users\adams\onedrive\onedrivedocs\engine\engine\src\game.c:51: ---==== BEGIN ====---
c:\users\adams\onedrive\onedrivedocs\engine\engine\src\gf2d_graphics.c:133: graphics initialized
c:\users\adams\onedrive\onedrivedocs\engine\engine\src\gf2d_sprite.c:44: sprite system initialized
c:\users\adams\onedrive\onedrivedocs\engine\engine\src\game.c:51: ---==== BEGIN ====---
c:\users\adams\onedrive\onedrivedocs\engine\engine\src\gf2d_graphics.c:133: graphics initialized
c:\users\adams\onedrive\onedrivedocs\engine\engine\src\gf2d_sprite.c:44: sprite system initialized
c:\users\adams\onedrive\onedrivedocs\engine\engine\src\game.c:51: ---==== BEGIN ====---
c:\users\adams\onedrive\onedrivedocs\engine\engine\src\gf2d_graphics.c:133: graphics initialized
c:\users\adams\onedrive\onedrivedocs\engine\engine\src\gf2d_sprite.c:44: sprite system initialized
c:\users\adams\onedrive\onedrivedocs\engine\engine\src\game.c:51: ---==== BEGIN ====---
c:\users\adams\onedrive\onedrivedocs\engine\engine\src\gf2d_graphics.c:133: graphics initialized
c:\users\adams\onedrive\onedrivedocs\engine\engine\src\gf2d_sprite.c:44: sprite system initialized
c:\users\adams\onedrive\onedrivedocs\engine\engine\src\game.c:51: ---==== BEGIN ====---
c:\users\adams\onedrive\onedrivedocs\engine\engine\src\gf2d_graphics.c:133: graphics initialized
c:\users\adams\onedrive\onedrivedocs\engine\engine\src\gf2d_sprite.c:44: sprite system initialized
c:\users\adams\onedrive\onedrivedocs\engine\engine\src\game.c:51: ---==== BEGIN ====---
c:\users\adams\onedrive\onedrivedocs\engine\engine\src\gf2d_graphics.c:133: graphics initialized
c:\users\adams\onedrive\onedrivedocs\engine\engine\src\gf2d_sprite.c:44: sprite system initialized
c:\users\adams\onedrive\onedrivedocs\engine\engine\src\game.c:51: ---==== BEGIN ====---
c:\users\adams\onedrive\onedrivedocs\engine\engine\src\gf2d_graphics.c:133: graphics initialized
c:\users\adams\onedrive\onedrivedocs\engine\engine\src\gf2d_sprite.c:44: sprite system initialized
c:\users\adams\onedrive\onedrivedocs\engine\engine\src\game.c:51: ---==== BEGIN ====---
c:\users\adams\onedrive\onedrivedocs\engine\engine\src\gf2d_graphics.c:133: graphics initialized
c:\users\adams\onedrive\onedrivedocs\engine\engine\src\gf2d_sprite.c:44: sprite system initialized
c:\users\adams\onedrive\onedrivedocs\engine\engine\src\game.c:51: ---==== BEGIN ====---
c:\users\adams\onedrive\onedrivedocs\engine\engine\src\gf2d_graphics.c:133: graphics initialized
c:\users\adams\onedrive\onedrivedocs\engine\engine\src\gf2d_sprite.c:44: sprite system initialized
c:\users\adams\onedrive\onedrivedocs\engine\engine\src\game.c:51: ---==== BEGIN ====---
c:\users\adams\onedrive\onedrivedocs\engine\engine\src\gf2d_graphics.c:133: graphics initialized
c:\users\adams\onedrive\onedrivedocs\engine\engine\src\gf2d_sprite.c:44: sprite system initialized
c:\users\adams\onedrive\onedrivedocs\engine\engine\src\game.c:51: ---==== BEGIN ====---
c:\users\adams\onedrive\onedrivedocs\engine\engine\src\gf2d_graphics.c:133: graphics initialized
c:\users\adams\onedrive\onedrivedocs\engine\engine\src\gf2d_sprite.c:44: sprite system initialized
c:\users\adams\onedrive\onedrivedocs\engine\engine\src\game.c:51: ---==== BEGIN ====---
c:\users\adams\onedrive\onedrivedocs\engine\engine\src\gf2d_graphics.c:133: graphics initialized
c:\users\adams\onedrive\onedrivedocs\engine\engine\src\gf2d_sprite.c:44: sprite system initialized
c:\users\adams\onedrive\onedrivedocs\engine\engine\src\game.c:51: ---==== BEGIN ====---
c:\users\adams\onedrive\onedrivedocs\engine\engine\src\gf2d_graphics.c:133: graphics initialized
c:\users\adams\onedrive\onedrivedocs\engine\engine\src\gf2d_sprite.c:44: sprite system initialized
c:\users\adams\onedrive\onedrivedocs\engine\engine\src\game.c:51: ---==== BEGIN ====---
c:\users\adams\onedrive\onedrivedocs\engine\engine\src\gf2d_graphics.c:133: graphics initialized
c:\users\adams\onedrive\onedrivedocs\engine\engine\src\gf2d_sprite.c:44: sprite system initialized
c:\users\adams\onedrive\onedrivedocs\engine\engine\src\game.c:51: ---==== BEGIN ====---
c:\users\adams\onedrive\onedrivedocs\engine\engine\src\gf2d_graphics.c:133: graphics initialized
c:\users\adams\onedrive\onedrivedocs\engine\engine\src\gf2d_sprite.c:44: sprite system initialized
c:\users\adams\onedrive\onedrivedocs\engine\engine\src\game.c:51: ---==== BEGIN ====---
c:\users\adams\onedrive\onedrivedocs\engine\engine\src\gf2d_graphics.c:133: graphics initialized
c:\users\adams\onedrive\onedrivedocs\engine\engine\src\gf2d_sprite.c:44: sprite system initialized
c:\users\adams\onedrive\onedrivedocs\engine\engine\src\game.c:51: ---==== BEGIN ====---
c:\users\adams\onedrive\onedrivedocs\engine\engine\src\gf2d_graphics.c:133: graphics initialized
c:\users\adams\onedrive\onedrivedocs\engine\engine\src\gf2d_sprite.c:44: sprite system initialized
